<?xml version="1.0" encoding="UTF-8"?>
<testsuite xmlns:xsi="http://www.w3.org/2001/XMLSchema-instance" xsi:noNamespaceSchemaLocation="https://maven.apache.org/surefire/maven-surefire-plugin/xsd/surefire-test-report-3.0.xsd" version="3.0" name="flightapp.PasswordUtilsTest" time="0.651" tests="8" errors="0" skipped="0" failures="0">
  <properties>
    <property name="java.specification.version" value="23"/>
    <property name="test.cases" value="cases/"/>
    <property name="sun.jnu.encoding" value="UTF-8"/>
    <property name="java.class.path" value="/Users/ananyasoni/.m2/repository/org/apache/maven/surefire/surefire-booter/3.0.0-M5/surefire-booter-3.0.0-M5.jar:/Users/ananyasoni/.m2/repository/org/apache/maven/surefire/surefire-api/3.0.0-M5/surefire-api-3.0.0-M5.jar:/Users/ananyasoni/.m2/repository/org/apache/maven/surefire/surefire-logger-api/3.0.0-M5/surefire-logger-api-3.0.0-M5.jar:/Users/ananyasoni/.m2/repository/org/apache/maven/surefire/surefire-shared-utils/3.0.0-M4/surefire-shared-utils-3.0.0-M4.jar:/Users/ananyasoni/.m2/repository/org/apache/maven/surefire/surefire-extensions-spi/3.0.0-M5/surefire-extensions-spi-3.0.0-M5.jar:/Users/ananyasoni/Desktop/project/target/test-classes:/Users/ananyasoni/Desktop/project/target/classes:/Users/ananyasoni/.m2/repository/junit/junit/4.13/junit-4.13.jar:/Users/ananyasoni/.m2/repository/org/hamcrest/hamcrest-core/1.3/hamcrest-core-1.3.jar:/Users/ananyasoni/.m2/repository/org/postgresql/postgresql/42.7.5/postgresql-42.7.5.jar:/Users/ananyasoni/.m2/repository/org/checkerframework/checker-qual/3.48.3/checker-qual-3.48.3.jar:/Users/ananyasoni/.m2/repository/org/mybatis/mybatis/3.5.7/mybatis-3.5.7.jar:/Users/ananyasoni/.m2/repository/commons-io/commons-io/2.8.0/commons-io-2.8.0.jar:/Users/ananyasoni/Desktop/project/distributed.jar:/Users/ananyasoni/.m2/repository/org/apache/maven/surefire/surefire-junit4/3.0.0-M5/surefire-junit4-3.0.0-M5.jar:/Users/ananyasoni/.m2/repository/org/apache/maven/surefire/common-java5/3.0.0-M5/common-java5-3.0.0-M5.jar:/Users/ananyasoni/.m2/repository/org/apache/maven/surefire/common-junit3/3.0.0-M5/common-junit3-3.0.0-M5.jar:/Users/ananyasoni/.m2/repository/org/apache/maven/surefire/common-junit4/3.0.0-M5/common-junit4-3.0.0-M5.jar"/>
    <property name="flightapp.testcase" value="cases"/>
    <property name="java.vm.vendor" value="Homebrew"/>
    <property name="sun.arch.data.model" value="64"/>
    <property name="java.vendor.url" value="https://github.com/Homebrew/homebrew-core/issues"/>
    <property name="user.timezone" value="America/Los_Angeles"/>
    <property name="os.name" value="Mac OS X"/>
    <property name="java.vm.specification.version" value="23"/>
    <property name="sun.java.launcher" value="SUN_STANDARD"/>
    <property name="user.country" value="US"/>
    <property name="sun.boot.library.path" value="/opt/homebrew/Cellar/openjdk/23.0.2/libexec/openjdk.jdk/Contents/Home/lib"/>
    <property name="sun.java.command" value="org.apache.maven.surefire.booter.ForkedBooter /Users/ananyasoni/Desktop/project/target/surefire 2025-03-10T10-31-43_808-jvmRun1 surefire4284051655699178644tmp surefire_013874273828539628549tmp"/>
    <property name="http.nonProxyHosts" value="local|*.local|169.254/16|*.169.254/16"/>
    <property name="jdk.debug" value="release"/>
    <property name="surefire.test.class.path" value="/Users/ananyasoni/Desktop/project/target/test-classes:/Users/ananyasoni/Desktop/project/target/classes:/Users/ananyasoni/.m2/repository/junit/junit/4.13/junit-4.13.jar:/Users/ananyasoni/.m2/repository/org/hamcrest/hamcrest-core/1.3/hamcrest-core-1.3.jar:/Users/ananyasoni/.m2/repository/org/postgresql/postgresql/42.7.5/postgresql-42.7.5.jar:/Users/ananyasoni/.m2/repository/org/checkerframework/checker-qual/3.48.3/checker-qual-3.48.3.jar:/Users/ananyasoni/.m2/repository/org/mybatis/mybatis/3.5.7/mybatis-3.5.7.jar:/Users/ananyasoni/.m2/repository/commons-io/commons-io/2.8.0/commons-io-2.8.0.jar:/Users/ananyasoni/Desktop/project/distributed.jar:"/>
    <property name="sun.cpu.endian" value="little"/>
    <property name="user.home" value="/Users/ananyasoni"/>
    <property name="user.language" value="en"/>
    <property name="java.specification.vendor" value="Oracle Corporation"/>
    <property name="java.version.date" value="2025-01-21"/>
    <property name="java.home" value="/opt/homebrew/Cellar/openjdk/23.0.2/libexec/openjdk.jdk/Contents/Home"/>
    <property name="file.separator" value="/"/>
    <property name="basedir" value="/Users/ananyasoni/Desktop/project"/>
    <property name="java.vm.compressedOopsMode" value="Zero based"/>
    <property name="line.separator" value="&#10;"/>
    <property name="java.vm.specification.vendor" value="Oracle Corporation"/>
    <property name="java.specification.name" value="Java Platform API Specification"/>
    <property name="apple.awt.application.name" value="ForkedBooter"/>
    <property name="sun.management.compiler" value="HotSpot 64-Bit Tiered Compilers"/>
    <property name="ftp.nonProxyHosts" value="local|*.local|169.254/16|*.169.254/16"/>
    <property name="java.runtime.version" value="23.0.2"/>
    <property name="user.name" value="ananyasoni"/>
    <property name="stdout.encoding" value="UTF-8"/>
    <property name="path.separator" value=":"/>
    <property name="os.version" value="15.3.1"/>
    <property name="java.runtime.name" value="OpenJDK Runtime Environment"/>
    <property name="file.encoding" value="UTF-8"/>
    <property name="java.vm.name" value="OpenJDK 64-Bit Server VM"/>
    <property name="java.vendor.version" value="Homebrew"/>
    <property name="localRepository" value="/Users/ananyasoni/.m2/repository"/>
    <property name="java.vendor.url.bug" value="https://github.com/Homebrew/homebrew-core/issues"/>
    <property name="java.io.tmpdir" value="/var/folders/rt/n1n80b8j2ms19dpkrt_s8w_c0000gn/T/"/>
    <property name="java.version" value="23.0.2"/>
    <property name="user.dir" value="/Users/ananyasoni/Desktop/project"/>
    <property name="os.arch" value="aarch64"/>
    <property name="java.vm.specification.name" value="Java Virtual Machine Specification"/>
    <property name="native.encoding" value="UTF-8"/>
    <property name="java.library.path" value="/Users/ananyasoni/Library/Java/Extensions:/Library/Java/Extensions:/Network/Library/Java/Extensions:/System/Library/Java/Extensions:/usr/lib/java:."/>
    <property name="java.vm.info" value="mixed mode, sharing"/>
    <property name="stderr.encoding" value="UTF-8"/>
    <property name="java.vendor" value="Homebrew"/>
    <property name="java.vm.version" value="23.0.2"/>
    <property name="sun.io.unicode.encoding" value="UnicodeBig"/>
    <property name="socksNonProxyHosts" value="local|*.local|169.254/16|*.169.254/16"/>
    <property name="java.class.version" value="67.0"/>
  </properties>
  <testcase name="testDetectsDifferingPasswords" classname="flightapp.PasswordUtilsTest" time="0.09"/>
  <testcase name="testSaltLengthsAreConsistent" classname="flightapp.PasswordUtilsTest" time="0"/>
  <testcase name="testCanMatchPlaintextToHash" classname="flightapp.PasswordUtilsTest" time="0.092"/>
  <testcase name="testSuccessiveSaltsDiffer" classname="flightapp.PasswordUtilsTest" time="0"/>
  <testcase name="testPasswordsAreSalted" classname="flightapp.PasswordUtilsTest" time="0.092"/>
  <testcase name="testPasswordsAreUnique" classname="flightapp.PasswordUtilsTest" time="0.095"/>
  <testcase name="testDifferentInputsProduceDifferentOutputs" classname="flightapp.PasswordUtilsTest" time="0.188"/>
  <testcase name="testSameInputsProduceConsistentOutputs" classname="flightapp.PasswordUtilsTest" time="0.093"/>
</testsuite>